---but------ 810 oo 
---fun------ 900 oo 
---mud------ 900 oo 
---pulp----- 900 oo 
---duct----- 900 oo 
---public--- 900 oo 
---lung----- 900 oo 
---sudden--- 400 o 
---gulf----- 900 oo 
---dull----- 900 oo 
---gun------ 900 oo 
---lumber--- 900 oo 
---punch---- 900 oo 
---judge---- 800 oo 
---rubber--- 900 oo 

---further-- 090 oo 
---furniture 090 oo 
---currency- 090 oo 
---burl----- 080 oo 
---burden--- 090 oo 
---burly---- 380 oo 
---curl----- 700 x 
---lure----- 050 o 
---purchase- 080 oo 
---burger--- 090 oo 
---burn----- 090 oo 
---hurl----- 090 oo 
---gurgle--- 900 x 
---purpose-- 280 oo 
---murder--- 090 oo 
---cube----- 900 x 
---huge----- 900 x 

---juice---- 019 oo 
community--- 800 x 
confuse----- 009 oo 
--true------ 009 oo 
---tuner---- 009 oo 
--flu------- 009 oo 
---duet----- 009 oo 
---suicide-- 009 oo 
commute----- 009 oo 
--bluer----- 009 oo 
---nuisance- 029 oo 
---humid---- 800 x 
---nuclear-- 900 x 
words : 45  correct answers : 38  ratio : 84.44