---but------ 009 x 
---fun------ 900 oo 
---mud------ 910 oo 
---pulp----- 900 oo 
---duct----- 900 oo 
---public--- 900 oo 
---lung----- 900 oo 
---sudden--- 810 oo 
---gulf----- 504 x 
---dull----- 800 oo 
---gun------ 800 oo 
---lumber--- 900 oo 
---punch---- 700 oo 
---judge---- 910 oo 
---rubber--- 900 oo 

---further-- 090 oo 
---furniture 090 oo 
---currency- 810 x 
---burl----- 090 oo 
---burden--- 090 oo 
---burly---- 090 oo 
---curl----- 090 oo 
---lure----- 008 x 
---purchase- 090 oo 
---burger--- 090 oo 
---burn----- 090 oo 
---hurl----- 090 oo 
---gurgle--- 900 x 
---purpose-- 070 oo 
---murder--- 090 oo 
---cube----- 009 oo 
---huge----- 009 oo 
---juice---- 009 oo 
community--- 900 x 
confuse----- 009 oo 
--true------ 009 oo 
---tuner---- 009 oo 
--flu------- 009 oo 
---duet----- 009 oo 
---suicide-- 009 oo 
commute----- 009 oo 
--bluer----- 009 oo 
---nuisance- 009 oo 
---humid---- 008 oo 
---nuclear-- 009 oo 
words : 45  correct answers : 39  ratio : 86.67