---but------ 500 o 
---fun------ 900 oo 
---mud------ 900 oo 
---pulp----- 900 oo 
---duct----- 900 oo 
---public--- 900 oo 
---lung----- 900 oo 
---sudden--- 900 oo 
---gulf----- 900 oo 
---dull----- 900 oo 
---gun------ 900 oo 
---lumber--- 900 oo 
---punch---- 900 oo 
---judge---- 800 oo 
---rubber--- 900 oo 
---further-- 090 oo 
---furniture 090 oo 
---currency- 080 oo 
---burl----- 090 oo 
---burden--- 090 oo 
---burly---- 090 oo 
---curl----- 090 oo 
---lure----- 059 x 
---purchase- 059 x 
---burger--- 090 oo 
---burn----- 090 oo 
---hurl----- 090 oo 
---gurgle--- 780 x 
---purpose-- 070 oo 
---murder--- 090 oo 
---cube----- 808 x 
---huge----- 808 x 
---juice---- 009 oo 
community--- 808 x 
confuse----- 009 oo 
--true------ 009 oo 
---tuner---- 009 oo 
--flu------- 009 oo 
---duet----- 009 oo 
---suicide-- 009 oo 
commute----- 009 oo 
--bluer----- 009 oo 
---nuisance- 009 oo 
---humid---- 300 x 
---nuclear-- 808 x 
words : 45  correct answers : 37  ratio : 82.22