--study----- 009 x 
---cut------ 009 x 
---luck----- 900 oo 
---judge---- 010 x 
---jug------ 900 oo 
---fund----- 900 oo 
---fun------ 900 oo 
---fuss----- 090 x 
---gun------ 900 oo 
---gulf----- 900 oo 
---hunter--- 900 oo 
---husband-- 009 x 
---lumber--- 900 oo 
---lung----- 000 x 
---luxury--- 900 oo 
---hurry---- 900 x 
---furniture 920 x 
---further-- 090 oo 
---furthest- 090 oo 
---burn----- 060 oo 
---turban--- 090 oo 
---turn----- 180 oo 
---fur------ 090 oo 
---curtain-- 090 oo 
-return----- 019 x 
---surgery-- 029 x 
---burden--- 090 oo 
---burger--- 090 oo 
---burl----- 090 oo 
---burly---- 090 oo 
--soup------ 009 oo 
---cute----- 009 oo 
--you------- 009 oo 
---due------ 009 oo 
community--- 009 oo 
commuter---- 009 oo 
confuse----- 009 oo 
confusion--- 009 oo 
---cube----- 009 oo 
--fruit----- 009 oo 
---mule----- 009 oo 
---music---- 009 oo 
---museum--- 009 oo 
---nuclear-- 009 oo 
---nuisance- 029 oo 
words : 45  correct answers : 35  ratio : 77.78