--study----- 097 x 
---cut------ 003 x 
---luck----- 900 oo 
---judge---- 010 x 
---jug------ 900 oo 
---fund----- 900 oo 
---fun------ 900 oo 
---fuss----- 090 x 
---gun------ 900 oo 
---gulf----- 900 oo 
---hunter--- 900 oo 
---husband-- 009 x 
---lumber--- 900 oo 
---lung----- 010 x 
---luxury--- 900 oo
 
---hurry---- 900 x 
---furniture 940 x 
---further-- 090 oo 
---furthest- 090 oo 
---burn----- 090 oo 
---turban--- 090 oo 
---turn----- 080 oo 
---fur------ 090 oo 
---curtain-- 090 oo 
-return----- 094 x 
---surgery-- 094 x 
---burden--- 090 oo 
---burger--- 090 oo 
---burl----- 090 oo 
---burly---- 090 oo
 
--soup------ 058 x 
---cute----- 009 oo 
--you------- 009 oo 
---due------ 009 oo 
community--- 009 oo 
commuter---- 048 x 
confuse----- 009 oo 
confusion--- 009 oo 
---cube----- 009 oo 
--fruit----- 009 oo 
---mule----- 009 oo 
---music---- 009 oo 
---museum--- 009 oo 
---nuclear-- 009 oo 
---nuisance- 094 x 
words : 45  correct answers : 32  ratio : 71.11