--study----- 009 x 
---cut------ 900 oo 
---luck----- 900 oo 
---judge---- 900 oo 
---jug------ 900 oo 
---fund----- 970 x 
---fun------ 900 oo 
---fuss----- 010 x 
---gun------ 900 oo 
---gulf----- 029 x 
---hunter--- 900 oo 
---husband-- 900 oo 
---lumber--- 900 oo 
---lung----- 900 oo 
---luxury--- 900 oo
 
---hurry---- 010 x 
---furniture 980 x 
---further-- 090 oo 
---furthest- 090 oo 
---burn----- 070 oo 
---turban--- 980 x 
---turn----- 070 oo 
---fur------ 090 oo 
---curtain-- 009 x 
-return----- 090 oo 
---surgery-- 019 x 
---burden--- 090 oo 
---burger--- 090 oo 
---burl----- 090 oo 
---burly---- 090 oo
 
--soup------ 009 oo 
---cute----- 009 oo 
--you------- 009 oo 
---due------ 009 oo 
community--- 808 x 
commuter---- 009 oo 
confuse----- 009 oo 
confusion--- 009 oo 
---cube----- 009 oo 
--fruit----- 009 oo 
---mule----- 009 oo 
---music---- 107 oo 
---museum--- 009 oo 
---nuclear-- 960 x 
---nuisance- 019 oo 
words : 45  correct answers : 34  ratio : 75.56