--study----- 009 x 
---cut------ 800 oo 
---luck----- 900 oo 
---judge---- 430 x 
---jug------ 800 oo 
---fund----- 080 x 
---fun------ 060 x 
---fuss----- 230 x 
---gun------ 900 oo 
---gulf----- 900 oo 
---hunter--- 080 x 
---husband-- 080 x 
---lumber--- 900 oo 
---lung----- 050 x 
---luxury--- 900 oo
 
---hurry---- 020 x 
---furniture 080 oo 
---further-- 090 oo 
---furthest- 090 oo 
---burn----- 080 oo 
---turban--- 090 oo 
---turn----- 080 oo 
---fur------ 080 oo 
---curtain-- 090 oo 
-return----- 079 x 
---surgery-- 090 oo 
---burden--- 090 oo 
---burger--- 090 oo 
---burl----- 090 oo 
---burly---- 090 oo
 
--soup------ 009 oo 
---cute----- 009 oo 
--you------- 009 oo 
---due------ 009 oo 
community--- 009 oo 
commuter---- 009 oo 
confuse----- 079 x 
confusion--- 078 x 
---cube----- 800 x 
--fruit----- 009 oo 
---mule----- 008 oo 
---music---- 900 x 
---museum--- 007 oo 
---nuclear-- 900 x 
---nuisance- 099 x 
words : 45  correct answers : 29  ratio : 64.44