--study----- 099 x 
---cut------ 900 oo 
---luck----- 900 oo 
---judge---- 900 oo 
---jug------ 900 oo 
---fund----- 000 x 
---fun------ 900 oo 
---fuss----- 900 oo 
---gun------ 900 oo 
---gulf----- 900 oo 
---hunter--- 050 x 
---husband-- 085 x 
---lumber--- 900 oo 
---lung----- 000 x 
---luxury--- 803 oo 
---hurry---- 050 o 
---furniture 090 oo 
---further-- 090 oo 
---furthest- 090 oo 
---burn----- 080 oo 
---turban--- 090 oo 
---turn----- 070 oo 
---fur------ 240 x 
---curtain-- 090 oo 
-return----- 090 oo 
---surgery-- 090 oo 
---burden--- 090 oo 
---burger--- 090 oo 
---burl----- 090 oo 
---burly---- 090 oo 
--soup------ 099 x 
---cute----- 009 oo 
--you------- 009 oo 
---due------ 009 oo 
community--- 109 oo 
commuter---- 009 oo 
confuse----- 066 x 
confusion--- 098 x 
---cube----- 009 oo 
--fruit----- 009 oo 
---mule----- 009 oo 
---music---- 801 x 
---museum--- 088 x 
---nuclear-- 900 x 
---nuisance- 098 x 
words : 45  correct answers : 32  ratio : 71.11