--study----- 009 x 
---cut------ 800 oo 
---luck----- 900 oo 
---judge---- 900 oo 
---jug------ 900 oo 
---fund----- 900 oo 
---fun------ 800 oo 
---fuss----- 090 x 
---gun------ 800 oo 
---gulf----- 900 oo 
---hunter--- 900 oo 
---husband-- 807 x 
---lumber--- 900 oo 
---lung----- 800 oo
---luxury--- 800 oo
 
---hurry---- 830 x 
---furniture 090 oo 
---further-- 090 oo 
---furthest- 090 oo 
---burn----- 080 oo 
---turban--- 090 oo 
---turn----- 090 oo 
---fur------ 090 oo 
---curtain-- 090 oo 
-return----- 033 x 
---surgery-- 090 oo 
---burden--- 090 oo 
---burger--- 080 oo 
---burl----- 080 oo 
---burly---- 850 x 

--soup------ 009 oo 
---cute----- 008 oo 
--you------- 009 oo 
---due------ 009 oo 
community--- 908 x 
commuter---- 009 oo 
confuse----- 009 oo 
confusion--- 009 oo 
---cube----- 008 oo 
--fruit----- 009 oo 
---mule----- 807 x 
---music---- 009 oo 
---museum--- 008 oo 
---nuclear-- 900 x 
---nuisance- 009 oo 
words : 45  correct answers : 36  ratio : 80.00