--study----- 009 x 
---cut------ 900 oo 
---luck----- 900 oo 
---judge---- 000 x 
---jug------ 900 oo 
---fund----- 970 x 
---fun------ 900 oo 
---fuss----- 090 x 
---gun------ 900 oo 
---gulf----- 900 oo 
---hunter--- 900 oo 
---husband-- 009 x 
---lumber--- 900 oo 
---lung----- 900 oo 
---luxury--- 900 oo 
---hurry---- 900 x 
---furniture 980 x 
---further-- 090 oo 
---furthest- 090 oo 
---burn----- 090 oo 
---turban--- 980 x 
---turn----- 990 x 
---fur------ 090 oo 
---curtain-- 090 oo 
-return----- 007 x 
---surgery-- 090 oo 
---burden--- 090 oo 
---burger--- 090 oo 
---burl----- 090 oo 
---burly---- 090 oo 
--soup------ 009 oo 
---cute----- 009 oo 
--you------- 009 oo 
---due------ 009 oo 
community--- 009 oo 
commuter---- 039 oo 
confuse----- 039 oo 
confusion--- 039 oo 
---cube----- 009 oo 
--fruit----- 009 oo 
---mule----- 009 oo 
---music---- 009 oo 
---museum--- 009 oo 
---nuclear-- 009 oo 
---nuisance- 090 x 
words : 45  correct answers : 34  ratio : 75.56