---but------ 900 oo 
---fun------ 900 oo 
---mud------ 900 oo 
---pulp----- 900 oo 
---duct----- 900 oo 
---public--- 900 oo 
---lung----- 900 oo 
---sudden--- 090 x 
---gulf----- 900 oo 
---dull----- 900 oo 
---gun------ 900 oo 
---lumber--- 900 oo 
---punch---- 900 oo 
---judge---- 900 oo 
---rubber--- 920 oo 

---further-- 090 oo 
---furniture 490 oo 
---currency- 090 oo 
---burl----- 090 oo 
---burden--- 090 oo 
---burly---- 090 oo 
---curl----- 080 oo 
---lure----- 009 x 
---purchase- 079 x 
---burger--- 090 oo 
---burn----- 090 oo 
---hurl----- 080 oo 
---gurgle--- 980 x 
---purpose-- 090 oo 
---murder--- 090 oo 
---cube----- 109 oo 
---huge----- 109 oo 
---juice---- 009 oo 
community--- 109 oo 
confuse----- 009 oo 
--true------ 009 oo 
---tuner---- 009 oo 
--flu------- 009 oo 
---duet----- 009 oo 
---suicide-- 009 oo 
commute----- 009 oo 
--bluer----- 009 oo 
---nuisance- 009 oo 
---humid---- 109 oo 
---nuclear-- 900 x 
words : 45  correct answers : 40  ratio : 88.89