---but------ 900 oo 
---fun------ 900 oo 
---mud------ 200 x 
---pulp----- 900 oo 
---duct----- 900 oo 
---public--- 900 oo 
---lung----- 900 oo 
---sudden--- 070 x 
---gulf----- 900 oo 
---dull----- 009 x 
---gun------ 900 oo 
---lumber--- 900 oo 
---punch---- 700 oo 
---judge---- 480 x 
---rubber--- 900 oo 
---further-- 090 oo 
---furniture 090 oo 
---currency- 000 x 
---burl----- 049 x 
---burden--- 090 oo 
---burly---- 134 x 
---curl----- 108 x 
---lure----- 019 x 
---purchase- 059 x 
---burger--- 290 oo 
---burn----- 090 oo 
---hurl----- 099 x 
---gurgle--- 190 oo 
---purpose-- 100 x 
---murder--- 090 oo 
---cube----- 109 oo 
---huge----- 109 oo 
---juice---- 009 oo 
community--- 109 oo 
confuse----- 009 oo 
--true------ 009 oo 
---tuner---- 009 oo 
--flu------- 009 oo 
---duet----- 009 oo 
---suicide-- 009 oo 
commute----- 009 oo 
--bluer----- 009 oo 
---nuisance- 009 oo 
---humid---- 009 oo 
---nuclear-- 109 oo 
words : 45  correct answers : 33  ratio : 73.33