---but------ 900 oo 
---fun------ 900 oo 
---mud------ 290 x 
---pulp----- 900 oo 
---duct----- 900 oo 
---public--- 900 oo 
---lung----- 800 oo 
---sudden--- 490 x 
---gulf----- 900 oo 
---dull----- 900 oo 
---gun------ 900 oo 
---lumber--- 800 oo 
---punch---- 900 oo 
---judge---- 900 oo 
---rubber--- 900 oo 
---further-- 090 oo 
---furniture 090 oo 
---currency- 090 oo 
---burl----- 900 x 
---burden--- 190 oo 
---burly---- 900 x 
---curl----- 900 x 
---lure----- 009 x 
---purchase- 080 oo 
---burger--- 390 oo 
---burn----- 190 oo 
---hurl----- 800 x 
---gurgle--- 801 x 
---purpose-- 080 oo 
---murder--- 090 oo 
---cube----- 108 oo 
---huge----- 108 oo 
---juice---- 009 oo 
community--- 009 oo 
confuse----- 009 oo 
--true------ 009 oo 
---tuner---- 009 oo 
--flu------- 009 oo 
---duet----- 009 oo 
---suicide-- 009 oo 
commute----- 009 oo 
--bluer----- 009 oo 
---nuisance- 009 oo 
---humid---- 800 x 
---nuclear-- 108 oo 
words : 45  correct answers : 36  ratio : 80.00