---but------ 800 oo 
---fun------ 900 oo 
---mud------ 900 oo 
---pulp----- 900 oo 
---duct----- 900 oo 
---public--- 900 oo 
---lung----- 900 oo 
---sudden--- 900 oo 
---gulf----- 900 oo 
---dull----- 900 oo 
---gun------ 900 oo 
---lumber--- 900 oo 
---punch---- 900 oo 
---judge---- 900 oo 
---rubber--- 900 oo 
---further-- 090 oo 
---furniture 090 oo 
---currency- 260 oo 
---burl----- 900 x 
---burden--- 090 oo 
---burly---- 900 x 
---curl----- 900 x 
---lure----- 059 x 
---purchase- 099 x 
---burger--- 090 oo 
---burn----- 080 oo 
---hurl----- 900 x 
---gurgle--- 900 x 
---purpose-- 070 oo 
---murder--- 090 oo 
---cube----- 009 oo 
---huge----- 009 oo 
---juice---- 019 oo 
community--- 009 oo 
confuse----- 009 oo 
--true------ 009 oo 
---tuner---- 009 oo 
--flu------- 009 oo 
---duet----- 009 oo 
---suicide-- 009 oo 
commute----- 009 oo 
--bluer----- 009 oo 
---nuisance- 079 x 
---humid---- 800 x 
---nuclear-- 009 oo 
words : 45  correct answers : 36  ratio : 80.00