---but------ 800 oo 
---fun------ 900 oo 
---mud------ 900 oo 
---pulp----- 900 oo 
---duct----- 900 oo 
---public--- 900 oo 
---lung----- 800 oo 
---sudden--- 090 x 
---gulf----- 900 oo 
---dull----- 800 oo 
---gun------ 900 oo 
---lumber--- 900 oo 
---punch---- 900 oo 
---judge---- 900 oo 
---rubber--- 900 oo 
---further-- 090 oo 
---furniture 900 x 
---currency- 090 oo 
---burl----- 900 x 
---burden--- 090 oo 
---burly---- 900 x 
---curl----- 900 x 
---lure----- 009 x 
---purchase- 040 x 
---burger--- 090 oo 
---burn----- 090 oo 
---hurl----- 800 x 
---gurgle--- 900 x 
---purpose-- 090 oo 
---murder--- 090 oo 
---cube----- 007 oo 
---huge----- 007 oo 
---juice---- 009 oo 
community--- 007 oo 
confuse----- 009 oo 
--true------ 009 oo 
---tuner---- 009 oo 
--flu------- 009 oo 
---duet----- 009 oo 
---suicide-- 009 oo 
commute----- 009 oo 
--bluer----- 009 oo 
---nuisance- 009 oo 
---humid---- 800 x 
---nuclear-- 007 oo 
words : 45  correct answers : 35  ratio : 77.78