---but------ 909 x 
---fun------ 900 oo 
---mud------ 900 oo 
---pulp----- 900 oo 
---duct----- 900 oo 
---public--- 900 oo 
---lung----- 900 oo 
---sudden--- 900 oo 
---gulf----- 900 oo 
---dull----- 900 oo 
---gun------ 900 oo 
---lumber--- 900 oo 
---punch---- 900 oo 
---judge---- 900 oo 
---rubber--- 900 oo 
---further-- 099 x 
---furniture 090 oo 
---currency- 099 x 
---burl----- 090 oo 
---burden--- 090 oo 
---burly---- 090 oo 
---curl----- 090 oo 
---lure----- 099 x 
---purchase- 099 x 
---burger--- 090 oo 
---burn----- 090 oo 
---hurl----- 090 oo 
---gurgle--- 090 oo 
---purpose-- 090 oo 
---murder--- 090 oo 
---cube----- 900 x 
---huge----- 900 x 
---juice---- 909 x 
community--- 900 x 
confuse----- 009 oo 
--true------ 009 oo 
---tuner---- 809 x 
--flu------- 009 oo 
---duet----- 009 oo 
---suicide-- 900 x 
commute----- 079 x 
--bluer----- 099 x 
---nuisance- 099 x 
---humid---- 009 oo 
---nuclear-- 900 x 
words : 45  correct answers : 30  ratio : 66.67