---but------ 000 x 
---fun------ 900 oo 
---mud------ 900 oo 
---pulp----- 900 oo 
---duct----- 900 oo 
---public--- 900 oo 
---lung----- 900 oo 
---sudden--- 900 oo 
---gulf----- 900 oo 
---dull----- 009 x 
---gun------ 900 oo 
---lumber--- 900 oo 
---punch---- 900 oo 
---judge---- 900 oo 
---rubber--- 900 oo 
---further-- 090 oo 
---furniture 080 oo 
---currency- 080 oo 
---burl----- 080 oo 
---burden--- 080 oo 
---burly---- 080 oo 
---curl----- 090 oo 
---lure----- 090 oo 
---purchase- 090 oo 
---burger--- 080 oo 
---burn----- 080 oo 
---hurl----- 090 oo 
---gurgle--- 080 oo 
---purpose-- 080 oo 
---murder--- 090 oo 
---cube----- 009 oo 
---huge----- 009 oo 
---juice---- 009 oo 
community--- 009 oo 
confuse----- 009 oo 
--true------ 009 oo 
---tuner---- 009 oo 
--flu------- 000 x 
---duet----- 009 oo 
---suicide-- 009 oo 
commute----- 009 oo 
--bluer----- 000 x 
---nuisance- 009 oo 
---humid---- 009 oo 
---nuclear-- 900 x 
words : 45  correct answers : 40  ratio : 88.89